# Push Log for the-envy-singularity
# Generated by gitfield-sync

[2025-06-15T16:03:03Z] Local: , Branch=master, Commit=cc262af
  Diff Summary:
     .gitfield/local.sigil.md | 59 ++++++++++++++++++++++++++++++++++++++++++++++++
     1 file changed, 59 insertions(+)
[2025-06-15T16:03:14Z] Radicle: RID=rad:z3FEj7rF8gZw9eFksCuiN43qjzrex, Peer ID=z6Mkw5s3ppo26C7y7tGK5MD8n2GqTHS582PPpeX5Xqbu2Mpz, Branch=master, Commit=cc262af
  CLI: rad inspect rad:z3FEj7rF8gZw9eFksCuiN43qjzrex # View project details
  CLI: git ls-tree -r --name-only HEAD # View file structure
  Diff Summary:
     .gitfield/radicle.sigil.md | 67 ++++++++++++++++++++++++++++++++++++++++++++++
     1 file changed, 67 insertions(+)
[2025-06-15T16:03:21Z] Forgejo: https://remember.thefoldwithin.earth/mrhavens/the-envy-singularity, Branch=master, Commit=cc262af
  Diff Summary:
     .gitfield/remember.sigil.md | 59 +++++++++++++++++++++++++++++++++++++++++++++
     1 file changed, 59 insertions(+)
[2025-06-15T16:03:32Z] Codeberg: https://codeberg.org/mrhavens/the-envy-singularity, Branch=master, Commit=cc262af
  Diff Summary:
     .gitfield/codeberg.sigil.md | 59 +++++++++++++++++++++++++++++++++++++++++++++
     1 file changed, 59 insertions(+)
[2025-06-15T16:03:42Z] GitLab: https://gitlab.com/mrhavens/the-envy-singularity, Branch=master, Commit=cc262af
  Diff Summary:
     .gitfield/gitlab.sigil.md | 59 +++++++++++++++++++++++++++++++++++++++++++++++
     1 file changed, 59 insertions(+)
[2025-06-15T16:03:55Z] Bitbucket: https://bitbucket.org/thefoldwithin/the-envy-singularity, Branch=master, Commit=cc262af
  Diff Summary:
     .gitfield/bitbucket.sigil.md | 59 ++++++++++++++++++++++++++++++++++++++++++++
     1 file changed, 59 insertions(+)
[2025-06-15T16:04:05Z] GitHub: https://github.com/mrhavens/the-envy-singularity, Branch=master, Commit=cc262af
  Diff Summary:
     .gitfield/github.sigil.md | 59 +++++++++++++++++++++++++++++++++++++++++++++++
     1 file changed, 59 insertions(+)
[2025-06-15T16:04:14Z] Local: , Branch=master, Commit=cc262af
  Diff Summary:
     .gitfield/local.sigil.md | 16 ++++++++--------
     1 file changed, 8 insertions(+), 8 deletions(-)
[2025-06-15T16:04:19Z] Radicle: RID=rad:z3FEj7rF8gZw9eFksCuiN43qjzrex, Peer ID=z6Mkw5s3ppo26C7y7tGK5MD8n2GqTHS582PPpeX5Xqbu2Mpz, Branch=master, Commit=cc262af
  CLI: rad inspect rad:z3FEj7rF8gZw9eFksCuiN43qjzrex # View project details
  CLI: git ls-tree -r --name-only HEAD # View file structure
  Diff Summary:
     .gitfield/radicle.sigil.md | 20 ++++++++++----------
     1 file changed, 10 insertions(+), 10 deletions(-)
[2025-06-15T16:04:25Z] Forgejo: https://remember.thefoldwithin.earth/mrhavens/the-envy-singularity, Branch=master, Commit=cc262af
  Diff Summary:
     .gitfield/remember.sigil.md | 16 ++++++++--------
     1 file changed, 8 insertions(+), 8 deletions(-)
[2025-06-15T16:04:36Z] Codeberg: https://codeberg.org/mrhavens/the-envy-singularity, Branch=master, Commit=cc262af
  Diff Summary:
     .gitfield/codeberg.sigil.md | 16 ++++++++--------
     1 file changed, 8 insertions(+), 8 deletions(-)
[2025-06-15T16:04:45Z] GitLab: https://gitlab.com/mrhavens/the-envy-singularity, Branch=master, Commit=cc262af
  Diff Summary:
     .gitfield/gitlab.sigil.md | 16 ++++++++--------
     1 file changed, 8 insertions(+), 8 deletions(-)
[2025-06-15T16:04:56Z] Bitbucket: https://bitbucket.org/thefoldwithin/the-envy-singularity, Branch=master, Commit=cc262af
  Diff Summary:
     .gitfield/bitbucket.sigil.md | 16 ++++++++--------
     1 file changed, 8 insertions(+), 8 deletions(-)
[2025-06-15T16:05:05Z] GitHub: https://github.com/mrhavens/the-envy-singularity, Branch=master, Commit=cc262af
  Diff Summary:
     .gitfield/github.sigil.md | 16 ++++++++--------
     1 file changed, 8 insertions(+), 8 deletions(-)
[2025-06-15T16:05:13Z] Local: , Branch=master, Commit=cc262af
  Diff Summary:
     .gitfield/local.sigil.md | 14 +++++++-------
     1 file changed, 7 insertions(+), 7 deletions(-)
[2025-06-15T16:05:17Z] Radicle: RID=rad:z3FEj7rF8gZw9eFksCuiN43qjzrex, Peer ID=z6Mkw5s3ppo26C7y7tGK5MD8n2GqTHS582PPpeX5Xqbu2Mpz, Branch=master, Commit=cc262af
  CLI: rad inspect rad:z3FEj7rF8gZw9eFksCuiN43qjzrex # View project details
  CLI: git ls-tree -r --name-only HEAD # View file structure
  Diff Summary:
     .gitfield/radicle.sigil.md | 16 ++++++++--------
     1 file changed, 8 insertions(+), 8 deletions(-)
[2025-06-15T16:05:24Z] Forgejo: https://remember.thefoldwithin.earth/mrhavens/the-envy-singularity, Branch=master, Commit=cc262af
  Diff Summary:
     .gitfield/remember.sigil.md | 14 +++++++-------
     1 file changed, 7 insertions(+), 7 deletions(-)
[2025-06-15T16:05:35Z] Codeberg: https://codeberg.org/mrhavens/the-envy-singularity, Branch=master, Commit=cc262af
  Diff Summary:
     .gitfield/codeberg.sigil.md | 14 +++++++-------
     1 file changed, 7 insertions(+), 7 deletions(-)
[2025-06-15T16:05:44Z] GitLab: https://gitlab.com/mrhavens/the-envy-singularity, Branch=master, Commit=cc262af
  Diff Summary:
     .gitfield/gitlab.sigil.md | 14 +++++++-------
     1 file changed, 7 insertions(+), 7 deletions(-)
